<?xml version="1.0" encoding="UTF-8"?>
<!-- Generated by org.testng.reporters.JUnitReportReporter -->
<testsuite hostname="DESKTOP-GG0R0VR" failures="0" tests="3" name="tests.PaymentFawryTests" time="39.618" errors="0" timestamp="2025-05-03T00:54:42 EEST" skipped="0">
  <testcase classname="tests.PaymentFawryTests" name="continueBTNIsVisible" time="20.460"/>
  <testcase classname="tests.PaymentFawryTests" name="proceedBTNIsVisible" time="18.889"/>
  <testcase classname="tests.PaymentFawryTests" name="codeIsSent" time="0.269"/>
</testsuite> <!-- tests.PaymentFawryTests -->
