<?xml version="1.0" encoding="UTF-8"?>
<!-- Generated by org.testng.reporters.JUnitReportReporter -->
<testsuite hostname="DESKTOP-GG0R0VR" failures="0" tests="3" name="tests.FawryPaymentTests" time="13.988" errors="0" timestamp="2025-05-08T06:06:57 EEST" skipped="0">
  <testcase classname="tests.FawryPaymentTests" name="continueBTNIsVisible" time="10.639"/>
  <testcase classname="tests.FawryPaymentTests" name="proceedBTNIsVisible" time="0.547"/>
  <testcase classname="tests.FawryPaymentTests" name="FawryCodeIsSent" time="2.802"/>
</testsuite> <!-- tests.FawryPaymentTests -->
