<?xml version="1.0" encoding="UTF-8"?>
<!-- Generated by org.testng.reporters.JUnitReportReporter -->
<testsuite hostname="DESKTOP-GG0R0VR" failures="0" tests="3" name="tests.PaymentTests" time="19.307" errors="0" timestamp="2025-05-03T00:41:32 EEST" skipped="0">
  <testcase classname="tests.PaymentTests" name="continueBTNIsVisible" time="14.807"/>
  <testcase classname="tests.PaymentTests" name="proceedBTNIsVisible" time="4.464"/>
  <testcase classname="tests.PaymentTests" name="codeIsSent" time="0.036"/>
</testsuite> <!-- tests.PaymentTests -->
